Using pre-set license
Built from '2020.3/staging' branch; Version is '2020.3.23f1 (c5d91304a876) revision 12966163'; Using compiler version '192528614'; Build Type 'Release'
OS: 'Windows 8.1  (6.3.0) 64bit' Language: 'ru' Physical Memory: 16320 MB
BatchMode: 1, IsHumanControllingUs: 0, StartBugReporterOnCrash: 0, Is64bit: 1, IsPro: 0

COMMAND LINE ARGUMENTS:
C:\Program Files\Unity\Hub\Editor\2020.3.23f1\Editor\Unity.exe
-adb2
-batchMode
-noUpm
-name
AssetImportWorker0
-projectPath
G:/Projects/HappyNewYear2022/Happy New Year 2022
-logFile
Logs/AssetImportWorker0.log
-srvPort
54574
Successfully changed project path to: G:/Projects/HappyNewYear2022/Happy New Year 2022
G:/Projects/HappyNewYear2022/Happy New Year 2022
Using Asset Import Pipeline V2.
Refreshing native plugins compatible for Editor in 34.58 ms, found 2 plugins.
Preloading 0 native plugins for Editor in 0.00 ms.
Initialize engine version: 2020.3.23f1 (c5d91304a876)
[Subsystems] Discovering subsystems at path C:/Program Files/Unity/Hub/Editor/2020.3.23f1/Editor/Data/Resources/UnitySubsystems
[Subsystems] Discovering subsystems at path G:/Projects/HappyNewYear2022/Happy New Year 2022/Assets
GfxDevice: creating device client; threaded=0
d3d11: QueryInterface(IDXGIFactory5) failed (80004002).
Direct3D:
    Version:  Direct3D 11.0 [level 11.1]
    Renderer: NVIDIA GeForce GTX 1050 Ti (ID=0x1c82)
    Vendor:   
    VRAM:     3975 MB
    Driver:   21.21.13.7633
Initialize mono
Mono path[0] = 'C:/Program Files/Unity/Hub/Editor/2020.3.23f1/Editor/Data/Managed'
Mono path[1] = 'C:/Program Files/Unity/Hub/Editor/2020.3.23f1/Editor/Data/MonoBleedingEdge/lib/mono/unityjit'
Mono config path = 'C:/Program Files/Unity/Hub/Editor/2020.3.23f1/Editor/Data/MonoBleedingEdge/etc'
Using monoOptions --debugger-agent=transport=dt_socket,embedding=1,server=y,suspend=n,address=127.0.0.1:56572
Begin MonoManager ReloadAssembly
Registering precompiled unity dll's ...
Register platform support module: C:/Program Files/Unity/Hub/Editor/2020.3.23f1/Editor/Data/PlaybackEngines/WindowsStandaloneSupport/UnityEditor.WindowsStandalone.Extensions.dll
Registered in 0.001276 seconds.
Native extension for WindowsStandalone target not found
Refreshing native plugins compatible for Editor in 35.29 ms, found 2 plugins.
Preloading 0 native plugins for Editor in 0.00 ms.
Unable to find bridge dll on disk for Microsoft Visual Studio Tools for Unity for C:\Program Files (x86)\Microsoft Visual Studio Tools for Unity\15.0\Editor\SyntaxTree.VisualStudio.Unity.Bridge.dll
Mono: successfully reloaded assembly
- Completed reload, in  0.592 seconds
Domain Reload Profiling:
	ReloadAssembly (592ms)
		BeginReloadAssembly (69ms)
			ExecutionOrderSort (0ms)
			DisableScriptedObjects (0ms)
			BackupInstance (0ms)
			ReleaseScriptingObjects (0ms)
			CreateAndSetChildDomain (1ms)
		EndReloadAssembly (456ms)
			LoadAssemblies (67ms)
			RebuildTransferFunctionScriptingTraits (0ms)
			SetupTypeCache (165ms)
			ReleaseScriptCaches (0ms)
			RebuildScriptCaches (27ms)
			SetupLoadedEditorAssemblies (159ms)
				LogAssemblyErrors (0ms)
				InitializePlatformSupportModulesInManaged (3ms)
				SetLoadedEditorAssemblies (0ms)
				RefreshPlugins (35ms)
				BeforeProcessingInitializeOnLoad (11ms)
				ProcessInitializeOnLoadAttributes (80ms)
				ProcessInitializeOnLoadMethodAttributes (29ms)
				AfterProcessingInitializeOnLoad (0ms)
				EditorAssembliesLoaded (0ms)
			ExecutionOrderSort2 (0ms)
			AwakeInstancesAfterBackupRestoration (0ms)
Platform modules already initialized, skipping
Registering precompiled user dll's ...
Registered in 0.002335 seconds.
Begin MonoManager ReloadAssembly
Native extension for WindowsStandalone target not found
Refreshing native plugins compatible for Editor in 0.39 ms, found 2 plugins.
Preloading 0 native plugins for Editor in 0.00 ms.
Mono: successfully reloaded assembly
- Completed reload, in  1.143 seconds
Domain Reload Profiling:
	ReloadAssembly (1145ms)
		BeginReloadAssembly (134ms)
			ExecutionOrderSort (0ms)
			DisableScriptedObjects (5ms)
			BackupInstance (0ms)
			ReleaseScriptingObjects (0ms)
			CreateAndSetChildDomain (18ms)
		EndReloadAssembly (953ms)
			LoadAssemblies (82ms)
			RebuildTransferFunctionScriptingTraits (0ms)
			SetupTypeCache (445ms)
			ReleaseScriptCaches (0ms)
			RebuildScriptCaches (38ms)
			SetupLoadedEditorAssemblies (291ms)
				LogAssemblyErrors (0ms)
				InitializePlatformSupportModulesInManaged (4ms)
				SetLoadedEditorAssemblies (0ms)
				RefreshPlugins (0ms)
				BeforeProcessingInitializeOnLoad (74ms)
				ProcessInitializeOnLoadAttributes (198ms)
				ProcessInitializeOnLoadMethodAttributes (10ms)
				AfterProcessingInitializeOnLoad (5ms)
				EditorAssembliesLoaded (0ms)
			ExecutionOrderSort2 (0ms)
			AwakeInstancesAfterBackupRestoration (7ms)
Platform modules already initialized, skipping
========================================================================
Worker process is ready to serve import requests
Launched and connected shader compiler UnityShaderCompiler.exe after 0.01 seconds
Refreshing native plugins compatible for Editor in 0.39 ms, found 2 plugins.
Preloading 0 native plugins for Editor in 0.00 ms.
Unloading 1500 Unused Serialized files (Serialized files now loaded: 0)
System memory in use before: 80.7 MB.
System memory in use after: 80.8 MB.

Unloading 19 unused Assets to reduce memory usage. Loaded Objects now: 1946.
Total: 2.976687 ms (FindLiveObjects: 0.183459 ms CreateObjectMapping: 0.037416 ms MarkObjects: 2.673738 ms  DeleteObjects: 0.081169 ms)

AssetImportParameters requested are different than current active one (requested -> active):
  custom:framework-win-MediaFoundation: 216162199b28c13a410421893ffa2e32 -> 
  custom:video-decoder-ogg-theora: a1e56fd34408186e4bbccfd4996cb3dc -> 
  custom:container-muxer-webm: aa71ff27fc2769a1b78a27578f13a17b -> 
  custom:container-demuxer-webm: 4f35f7cbe854078d1ac9338744f61a02 -> 
  custom:container-demuxer-ogg: 62fdf1f143b41e24485cea50d1cbac27 -> 
  custom:video-encoder-webm-vp8: eb34c28f22e8b96e1ab97ce403110664 -> 
  custom:video-decoder-webm-vp8: 9c59270c3fd7afecdb556c50c9e8de78 -> 
  custom:audio-decoder-ogg-vorbis: bf7c407c2cedff20999df2af8eb42d56 -> 
  custom:audio-encoder-webm-vorbis: bf7c407c2cedff20999df2af8eb42d56 -> 
========================================================================
Received Import Request.
  path: Assets/Snow_Man/Prefabs/Snow Man_01.prefab
  artifactKey: Guid(668caeef3f091244986846c489fc2dd6) Importer(815301076,1909f56bfc062723c751e8b465ee728b)
Start importing Assets/Snow_Man/Prefabs/Snow Man_01.prefab using Guid(668caeef3f091244986846c489fc2dd6) Importer(815301076,1909f56bfc062723c751e8b465ee728b)  -> (artifact id: '67a48c68e96569cc5592a691baedf91e') in 0.113789 seconds 
  Import took 0.116257 seconds .

========================================================================
Received Import Request.
  Time since last request: 5.455647 seconds.
  path: Assets/Snow_Man/Scenes/Demo.unity
  artifactKey: Guid(4005b1a60c95cc843a3f845e8bfacc66) Importer(815301076,1909f56bfc062723c751e8b465ee728b)
Start importing Assets/Snow_Man/Scenes/Demo.unity using Guid(4005b1a60c95cc843a3f845e8bfacc66) Importer(815301076,1909f56bfc062723c751e8b465ee728b)  -> (artifact id: '01389f371e206b4089306048aad53b79') in 0.002998 seconds 
  Import took 0.005373 seconds .

========================================================================
Received Import Request.
  Time since last request: 7.453376 seconds.
  path: Assets/Scenes
  artifactKey: Guid(45fde3db8aaaead45a36f220811a408a) Importer(815301076,1909f56bfc062723c751e8b465ee728b)
Start importing Assets/Scenes using Guid(45fde3db8aaaead45a36f220811a408a) Importer(815301076,1909f56bfc062723c751e8b465ee728b)  -> (artifact id: 'c0c3722d11cd93abba08bdc90f0efd4e') in 0.002447 seconds 
  Import took 0.004699 seconds .

========================================================================
Received Import Request.
  Time since last request: 1.985569 seconds.
  path: Assets/Scenes/SampleScene.unity
  artifactKey: Guid(9fc0d4010bbf28b4594072e72b8655ab) Importer(815301076,1909f56bfc062723c751e8b465ee728b)
Start importing Assets/Scenes/SampleScene.unity using Guid(9fc0d4010bbf28b4594072e72b8655ab) Importer(815301076,1909f56bfc062723c751e8b465ee728b)  -> (artifact id: '85059f4f9e1a832ed95adaa0d25c5c4c') in 0.002971 seconds 
  Import took 0.005337 seconds .

========================================================================
Received Import Request.
  Time since last request: 0.756748 seconds.
  path: Assets/AurynSky
  artifactKey: Guid(b8711e54e21511e4483f04f0c95c41db) Importer(815301076,1909f56bfc062723c751e8b465ee728b)
Start importing Assets/AurynSky using Guid(b8711e54e21511e4483f04f0c95c41db) Importer(815301076,1909f56bfc062723c751e8b465ee728b)  -> (artifact id: '3fdfe36eb35a3dd0e9149c253363b243') in 0.002594 seconds 
  Import took 0.004987 seconds .

========================================================================
Received Import Request.
  Time since last request: 6.329767 seconds.
  path: Assets/ANGRY MESH/Snowman/Prefabs/Snowman_01.prefab
  artifactKey: Guid(af67ec531803f32419e99a1b4efdb52d) Importer(815301076,1909f56bfc062723c751e8b465ee728b)
Start importing Assets/ANGRY MESH/Snowman/Prefabs/Snowman_01.prefab using Guid(af67ec531803f32419e99a1b4efdb52d) Importer(815301076,1909f56bfc062723c751e8b465ee728b)  -> (artifact id: '139db05af8613f736f3ca7e87edbcf00') in 0.265634 seconds 
  Import took 0.268192 seconds .

========================================================================
Received Import Request.
  Time since last request: 1.084267 seconds.
  path: Assets/ANGRY MESH/Snowman/Prefabs/Snowman_02.prefab
  artifactKey: Guid(7c1543f51c5b8cc488fc53ab3cbffbb1) Importer(815301076,1909f56bfc062723c751e8b465ee728b)
Start importing Assets/ANGRY MESH/Snowman/Prefabs/Snowman_02.prefab using Guid(7c1543f51c5b8cc488fc53ab3cbffbb1) Importer(815301076,1909f56bfc062723c751e8b465ee728b)  -> (artifact id: '31cf14244553de0b1635a5d1eb6dcd01') in 0.030272 seconds 
  Import took 0.033468 seconds .

========================================================================
Received Import Request.
  Time since last request: 0.924449 seconds.
  path: Assets/ANGRY MESH/Snowman/Prefabs/Snowman_03.prefab
  artifactKey: Guid(9f9523a1db9c56e45a3896f572a17305) Importer(815301076,1909f56bfc062723c751e8b465ee728b)
Start importing Assets/ANGRY MESH/Snowman/Prefabs/Snowman_03.prefab using Guid(9f9523a1db9c56e45a3896f572a17305) Importer(815301076,1909f56bfc062723c751e8b465ee728b)  -> (artifact id: 'eaaf57257e172a1103102c6f2a3c4e47') in 0.019878 seconds 
  Import took 0.023102 seconds .

========================================================================
Received Import Request.
  Time since last request: 1.237634 seconds.
  path: Assets/ANGRY MESH
  artifactKey: Guid(329855bb427b0fa42b7cb311c153b414) Importer(815301076,1909f56bfc062723c751e8b465ee728b)
Start importing Assets/ANGRY MESH using Guid(329855bb427b0fa42b7cb311c153b414) Importer(815301076,1909f56bfc062723c751e8b465ee728b)  -> (artifact id: 'defaca98773213eef9d332416da48085') in 0.002630 seconds 
  Import took 0.005065 seconds .

========================================================================
Received Import Request.
  Time since last request: 6.723347 seconds.
  path: Assets/Good SnowMan
  artifactKey: Guid(329855bb427b0fa42b7cb311c153b414) Importer(815301076,1909f56bfc062723c751e8b465ee728b)
Start importing Assets/Good SnowMan using Guid(329855bb427b0fa42b7cb311c153b414) Importer(815301076,1909f56bfc062723c751e8b465ee728b)  -> (artifact id: '57d83cb4b1625c3af3c36f32140d01c2') in 0.002599 seconds 
  Import took 0.004993 seconds .

========================================================================
Received Import Request.
  Time since last request: 6.310188 seconds.
  path: Assets/AurynSky/WinterArena/Scenes/DemoScene_Winter.unity
  artifactKey: Guid(a896278eab6e62e4aa8c5a0d3188d5f9) Importer(815301076,1909f56bfc062723c751e8b465ee728b)
Start importing Assets/AurynSky/WinterArena/Scenes/DemoScene_Winter.unity using Guid(a896278eab6e62e4aa8c5a0d3188d5f9) Importer(815301076,1909f56bfc062723c751e8b465ee728b)  -> (artifact id: '277911ffdf7d859c2c00f1db95462c8b') in 0.003051 seconds 
  Import took 0.005453 seconds .

========================================================================
Received Import Request.
  Time since last request: 9.695332 seconds.
  path: Assets/AurynSky/WinterArena/Scenes/InventoryScene_Winter.unity
  artifactKey: Guid(22826db58ab26da4fa24fa7560872120) Importer(815301076,1909f56bfc062723c751e8b465ee728b)
Start importing Assets/AurynSky/WinterArena/Scenes/InventoryScene_Winter.unity using Guid(22826db58ab26da4fa24fa7560872120) Importer(815301076,1909f56bfc062723c751e8b465ee728b)  -> (artifact id: '8bbb22def0e22c6ab794f70b5429b66d') in 0.003036 seconds 
  Import took 0.005549 seconds .

========================================================================
Received Import Request.
  Time since last request: 7.030496 seconds.
  path: Assets/Area
  artifactKey: Guid(b8711e54e21511e4483f04f0c95c41db) Importer(815301076,1909f56bfc062723c751e8b465ee728b)
Start importing Assets/Area using Guid(b8711e54e21511e4483f04f0c95c41db) Importer(815301076,1909f56bfc062723c751e8b465ee728b)  -> (artifact id: '5e47874db1b4d2deabcc69ca3b3b2dc6') in 0.002712 seconds 
  Import took 0.005201 seconds .

========================================================================
Received Prepare
Registering precompiled user dll's ...
Registered in 0.002309 seconds.
Begin MonoManager ReloadAssembly
Native extension for WindowsStandalone target not found
Refreshing native plugins compatible for Editor in 0.41 ms, found 2 plugins.
Preloading 0 native plugins for Editor in 0.00 ms.
Mono: successfully reloaded assembly
- Completed reload, in  0.911 seconds
Domain Reload Profiling:
	ReloadAssembly (912ms)
		BeginReloadAssembly (99ms)
			ExecutionOrderSort (0ms)
			DisableScriptedObjects (4ms)
			BackupInstance (0ms)
			ReleaseScriptingObjects (0ms)
			CreateAndSetChildDomain (33ms)
		EndReloadAssembly (754ms)
			LoadAssemblies (83ms)
			RebuildTransferFunctionScriptingTraits (0ms)
			SetupTypeCache (265ms)
			ReleaseScriptCaches (1ms)
			RebuildScriptCaches (35ms)
			SetupLoadedEditorAssemblies (274ms)
				LogAssemblyErrors (0ms)
				InitializePlatformSupportModulesInManaged (4ms)
				SetLoadedEditorAssemblies (0ms)
				RefreshPlugins (0ms)
				BeforeProcessingInitializeOnLoad (70ms)
				ProcessInitializeOnLoadAttributes (185ms)
				ProcessInitializeOnLoadMethodAttributes (9ms)
				AfterProcessingInitializeOnLoad (5ms)
				EditorAssembliesLoaded (0ms)
			ExecutionOrderSort2 (0ms)
			AwakeInstancesAfterBackupRestoration (7ms)
Platform modules already initialized, skipping
Refreshing native plugins compatible for Editor in 0.41 ms, found 2 plugins.
Preloading 0 native plugins for Editor in 0.00 ms.
Unloading 1494 Unused Serialized files (Serialized files now loaded: 0)
System memory in use before: 83.8 MB.
System memory in use after: 83.9 MB.

Unloading 14 unused Assets to reduce memory usage. Loaded Objects now: 1955.
Total: 2.811031 ms (FindLiveObjects: 0.153587 ms CreateObjectMapping: 0.036209 ms MarkObjects: 2.604639 ms  DeleteObjects: 0.015691 ms)

AssetImportParameters requested are different than current active one (requested -> active):
  custom:framework-win-MediaFoundation: 216162199b28c13a410421893ffa2e32 -> 
  custom:video-decoder-ogg-theora: a1e56fd34408186e4bbccfd4996cb3dc -> 
  custom:container-muxer-webm: aa71ff27fc2769a1b78a27578f13a17b -> 
  custom:container-demuxer-webm: 4f35f7cbe854078d1ac9338744f61a02 -> 
  custom:container-demuxer-ogg: 62fdf1f143b41e24485cea50d1cbac27 -> 
  custom:video-encoder-webm-vp8: eb34c28f22e8b96e1ab97ce403110664 -> 
  custom:video-decoder-webm-vp8: 9c59270c3fd7afecdb556c50c9e8de78 -> 
  custom:audio-decoder-ogg-vorbis: bf7c407c2cedff20999df2af8eb42d56 -> 
  custom:audio-encoder-webm-vorbis: bf7c407c2cedff20999df2af8eb42d56 -> 
========================================================================
Received Import Request.
  Time since last request: 7.041049 seconds.
  path: Assets/Snow_Man
  artifactKey: Guid(e447a852de030ab44ab6704aff2d269a) Importer(815301076,1909f56bfc062723c751e8b465ee728b)
Start importing Assets/Snow_Man using Guid(e447a852de030ab44ab6704aff2d269a) Importer(815301076,1909f56bfc062723c751e8b465ee728b)  -> (artifact id: 'd078d4e7b59b9d548a1f0ec0e468975a') in 0.005749 seconds 
  Import took 0.008321 seconds .

========================================================================
Received Import Request.
  Time since last request: 42.136114 seconds.
  path: Assets/Snow_Man/Textures/Base_Colors/Base_01.png
  artifactKey: Guid(1f3b1f98223628c4483f990c3eb75020) Importer(815301076,1909f56bfc062723c751e8b465ee728b)
Start importing Assets/Snow_Man/Textures/Base_Colors/Base_01.png using Guid(1f3b1f98223628c4483f990c3eb75020) Importer(815301076,1909f56bfc062723c751e8b465ee728b)  -> (artifact id: '83e2a5b085adc12f9953b6afb4bfa7d6') in 0.057946 seconds 
  Import took 0.060312 seconds .

========================================================================
Received Import Request.
  Time since last request: 36.143312 seconds.
  path: Assets/Bad snowman
  artifactKey: Guid(e447a852de030ab44ab6704aff2d269a) Importer(815301076,1909f56bfc062723c751e8b465ee728b)
Start importing Assets/Bad snowman using Guid(e447a852de030ab44ab6704aff2d269a) Importer(815301076,1909f56bfc062723c751e8b465ee728b)  -> (artifact id: '1755c156dbf52b10fb8d75a373191161') in 0.002497 seconds 
  Import took 0.004815 seconds .

========================================================================
Received Import Request.
  Time since last request: 4.494138 seconds.
  path: Assets/Good Snowman
  artifactKey: Guid(329855bb427b0fa42b7cb311c153b414) Importer(815301076,1909f56bfc062723c751e8b465ee728b)
Start importing Assets/Good Snowman using Guid(329855bb427b0fa42b7cb311c153b414) Importer(815301076,1909f56bfc062723c751e8b465ee728b)  -> (artifact id: 'd7b46557bb46a00730b781bf1f9e8726') in 0.002551 seconds 
  Import took 0.004921 seconds .

========================================================================
Received Import Request.
  Time since last request: 6.701014 seconds.
  path: Assets/Bad Snowman
  artifactKey: Guid(e447a852de030ab44ab6704aff2d269a) Importer(815301076,1909f56bfc062723c751e8b465ee728b)
Start importing Assets/Bad Snowman using Guid(e447a852de030ab44ab6704aff2d269a) Importer(815301076,1909f56bfc062723c751e8b465ee728b)  -> (artifact id: '3e597bfd0c7504839ce67974aa255b49') in 0.002590 seconds 
  Import took 0.004948 seconds .

========================================================================
Received Import Request.
  Time since last request: 1.176695 seconds.
  path: Assets
  artifactKey: Guid(00000000000000001000000000000000) Importer(815301076,1909f56bfc062723c751e8b465ee728b)
Start importing Assets using Guid(00000000000000001000000000000000) Importer(815301076,1909f56bfc062723c751e8b465ee728b)  -> (artifact id: '42d402b061de3733987d63b9cc3b64de') in 0.002683 seconds 
  Import took 0.005278 seconds .

========================================================================
Received Import Request.
  Time since last request: 5.427891 seconds.
  path: Assets/Objects
  artifactKey: Guid(c59a6a038828af249a1781195f390d2f) Importer(815301076,1909f56bfc062723c751e8b465ee728b)
Start importing Assets/Objects using Guid(c59a6a038828af249a1781195f390d2f) Importer(815301076,1909f56bfc062723c751e8b465ee728b)  -> (artifact id: '1e8107970ccdb569484686eb24284b70') in 0.002653 seconds 
  Import took 0.005072 seconds .

========================================================================
Received Prepare
Registering precompiled user dll's ...
Registered in 0.002314 seconds.
Begin MonoManager ReloadAssembly
Native extension for WindowsStandalone target not found
Refreshing native plugins compatible for Editor in 0.39 ms, found 2 plugins.
Preloading 0 native plugins for Editor in 0.00 ms.
Mono: successfully reloaded assembly
- Completed reload, in  0.915 seconds
Domain Reload Profiling:
	ReloadAssembly (916ms)
		BeginReloadAssembly (95ms)
			ExecutionOrderSort (0ms)
			DisableScriptedObjects (4ms)
			BackupInstance (0ms)
			ReleaseScriptingObjects (0ms)
			CreateAndSetChildDomain (31ms)
		EndReloadAssembly (762ms)
			LoadAssemblies (85ms)
			RebuildTransferFunctionScriptingTraits (0ms)
			SetupTypeCache (267ms)
			ReleaseScriptCaches (1ms)
			RebuildScriptCaches (37ms)
			SetupLoadedEditorAssemblies (272ms)
				LogAssemblyErrors (0ms)
				InitializePlatformSupportModulesInManaged (4ms)
				SetLoadedEditorAssemblies (0ms)
				RefreshPlugins (0ms)
				BeforeProcessingInitializeOnLoad (69ms)
				ProcessInitializeOnLoadAttributes (185ms)
				ProcessInitializeOnLoadMethodAttributes (9ms)
				AfterProcessingInitializeOnLoad (5ms)
				EditorAssembliesLoaded (0ms)
			ExecutionOrderSort2 (0ms)
			AwakeInstancesAfterBackupRestoration (7ms)
Platform modules already initialized, skipping
Refreshing native plugins compatible for Editor in 0.40 ms, found 2 plugins.
Preloading 0 native plugins for Editor in 0.00 ms.
Unloading 1494 Unused Serialized files (Serialized files now loaded: 0)
System memory in use before: 83.8 MB.
System memory in use after: 83.9 MB.

Unloading 14 unused Assets to reduce memory usage. Loaded Objects now: 1958.
Total: 2.847843 ms (FindLiveObjects: 0.171088 ms CreateObjectMapping: 0.036511 ms MarkObjects: 2.623649 ms  DeleteObjects: 0.015992 ms)

AssetImportParameters requested are different than current active one (requested -> active):
  custom:framework-win-MediaFoundation: 216162199b28c13a410421893ffa2e32 -> 
  custom:video-decoder-ogg-theora: a1e56fd34408186e4bbccfd4996cb3dc -> 
  custom:container-muxer-webm: aa71ff27fc2769a1b78a27578f13a17b -> 
  custom:container-demuxer-webm: 4f35f7cbe854078d1ac9338744f61a02 -> 
  custom:container-demuxer-ogg: 62fdf1f143b41e24485cea50d1cbac27 -> 
  custom:video-encoder-webm-vp8: eb34c28f22e8b96e1ab97ce403110664 -> 
  custom:video-decoder-webm-vp8: 9c59270c3fd7afecdb556c50c9e8de78 -> 
  custom:audio-decoder-ogg-vorbis: bf7c407c2cedff20999df2af8eb42d56 -> 
  custom:audio-encoder-webm-vorbis: bf7c407c2cedff20999df2af8eb42d56 -> 
========================================================================
Received Import Request.
  Time since last request: 9.226194 seconds.
  path: Assets/Scenes/SampleScene.unity
  artifactKey: Guid(9fc0d4010bbf28b4594072e72b8655ab) Importer(815301076,1909f56bfc062723c751e8b465ee728b)
Start importing Assets/Scenes/SampleScene.unity using Guid(9fc0d4010bbf28b4594072e72b8655ab) Importer(815301076,1909f56bfc062723c751e8b465ee728b)  -> (artifact id: 'baacc0ae8dabb85b723818a1a21bca85') in 0.012905 seconds 
  Import took 0.015317 seconds .

========================================================================
Received Import Request.
  Time since last request: 38.197682 seconds.
  path: Assets/Scenes/MainScene.unity
  artifactKey: Guid(684794700987cc84a94d050aa596d19e) Importer(815301076,1909f56bfc062723c751e8b465ee728b)
Start importing Assets/Scenes/MainScene.unity using Guid(684794700987cc84a94d050aa596d19e) Importer(815301076,1909f56bfc062723c751e8b465ee728b)  -> (artifact id: 'ddf2fc81b103b7143c2fc033f8297683') in 0.002946 seconds 
  Import took 0.005366 seconds .

========================================================================
Received Prepare
Registering precompiled user dll's ...
Registered in 0.002379 seconds.
Begin MonoManager ReloadAssembly
Native extension for WindowsStandalone target not found
Refreshing native plugins compatible for Editor in 0.40 ms, found 2 plugins.
Preloading 0 native plugins for Editor in 0.00 ms.
Mono: successfully reloaded assembly
- Completed reload, in  1.272 seconds
Domain Reload Profiling:
	ReloadAssembly (1272ms)
		BeginReloadAssembly (135ms)
			ExecutionOrderSort (0ms)
			DisableScriptedObjects (5ms)
			BackupInstance (0ms)
			ReleaseScriptingObjects (0ms)
			CreateAndSetChildDomain (29ms)
		EndReloadAssembly (1081ms)
			LoadAssemblies (145ms)
			RebuildTransferFunctionScriptingTraits (0ms)
			SetupTypeCache (570ms)
			ReleaseScriptCaches (1ms)
			RebuildScriptCaches (35ms)
			SetupLoadedEditorAssemblies (276ms)
				LogAssemblyErrors (0ms)
				InitializePlatformSupportModulesInManaged (4ms)
				SetLoadedEditorAssemblies (1ms)
				RefreshPlugins (0ms)
				BeforeProcessingInitializeOnLoad (70ms)
				ProcessInitializeOnLoadAttributes (187ms)
				ProcessInitializeOnLoadMethodAttributes (9ms)
				AfterProcessingInitializeOnLoad (5ms)
				EditorAssembliesLoaded (0ms)
			ExecutionOrderSort2 (0ms)
			AwakeInstancesAfterBackupRestoration (7ms)
Platform modules already initialized, skipping
Refreshing native plugins compatible for Editor in 0.39 ms, found 2 plugins.
Preloading 0 native plugins for Editor in 0.00 ms.
Unloading 1494 Unused Serialized files (Serialized files now loaded: 0)
System memory in use before: 83.9 MB.
System memory in use after: 84.0 MB.

Unloading 14 unused Assets to reduce memory usage. Loaded Objects now: 1960.
Total: 2.825212 ms (FindLiveObjects: 0.168976 ms CreateObjectMapping: 0.037416 ms MarkObjects: 2.601923 ms  DeleteObjects: 0.015389 ms)

AssetImportParameters requested are different than current active one (requested -> active):
  custom:framework-win-MediaFoundation: 216162199b28c13a410421893ffa2e32 -> 
  custom:video-decoder-ogg-theora: a1e56fd34408186e4bbccfd4996cb3dc -> 
  custom:container-muxer-webm: aa71ff27fc2769a1b78a27578f13a17b -> 
  custom:container-demuxer-webm: 4f35f7cbe854078d1ac9338744f61a02 -> 
  custom:container-demuxer-ogg: 62fdf1f143b41e24485cea50d1cbac27 -> 
  custom:video-encoder-webm-vp8: eb34c28f22e8b96e1ab97ce403110664 -> 
  custom:video-decoder-webm-vp8: 9c59270c3fd7afecdb556c50c9e8de78 -> 
  custom:audio-decoder-ogg-vorbis: bf7c407c2cedff20999df2af8eb42d56 -> 
  custom:audio-encoder-webm-vorbis: bf7c407c2cedff20999df2af8eb42d56 -> 
AssetImportWorkerClient::OnTransportError - code=2 error=End of file
